[INFO] Сохранён пользователь с UUID: c821a015-d33c-341e-9b6d-3b2a8d05da85
[INFO] Сохранён пользователь с UUID: 1717efc5-df80-3fd1-a365-56ea83a06fd4
[INFO] Сохранён пользователь с UUID: 2346f6c1-fbee-3027-ae50-e983b278285e
[INFO] Сохранён пользователь с UUID: fb172eee-6d0b-3709-b74c-d00c35163866
[INFO] Сохранён пользователь с UUID: 67db1775-5bae-3f85-9612-b0015fd69eab
[INFO] Сохранена статья с UUID: 11b76177-6dd0-39f1-8f40-02d5402dfe59
[INFO] Сохранена статья с UUID: b73addef-24ef-3eea-a0ea-5d48c163331f
[INFO] Сохранена статья с UUID: 2f0686a7-3397-375b-9468-de8749c42b21
[INFO] Сохранена статья с UUID: a5e83886-dad1-3690-9648-62637ccf9340
[INFO] Сохранена статья с UUID: 7b1783dd-4b4a-3439-ad66-99adc07476db
[INFO] Сохранена статья с UUID: 475ed90d-51e1-3824-8881-9b5676a0a064
[INFO] Сохранена статья с UUID: d7946eb6-0d44-39e7-a98a-d3087f6db4c0
[INFO] Сохранена статья с UUID: ff1ff1e4-2033-3fbf-85cd-2c107bfa624d
[INFO] Сохранена статья с UUID: 804ac06a-f5c0-3720-945c-91c1fbf4066d
[INFO] Сохранена статья с UUID: eddccf32-ed8b-35da-a176-6dca21f1eb79
[INFO] Сохранён комментарий с UUID: 974a0d7f-a409-331d-b9f6-67e2eb9376e4
[INFO] Сохранён комментарий с UUID: 8a03bdf5-18ce-3abc-893d-3aa0354027d2
[INFO] Сохранён комментарий с UUID: a789f828-f994-35c2-a7f1-dd36d5f08428
[INFO] Сохранён комментарий с UUID: 37f2ebe8-ec3c-3974-8d6e-d745e2edf5de
[INFO] Сохранён комментарий с UUID: 5193ec9d-e2d2-3188-9ab0-b19035907daa
[INFO] Сохранён комментарий с UUID: 460d3732-7d5d-3427-b087-052c28b4ce07
[INFO] Сохранён комментарий с UUID: 435fcae5-a993-3059-b4b4-e89c1920c082
[INFO] Сохранён комментарий с UUID: 194ea48a-902c-3fbc-b213-e8708274e161
[INFO] Сохранён комментарий с UUID: a2514511-6d64-3e45-abff-3ad12498c852
[INFO] Сохранён комментарий с UUID: 71c2f905-bd7e-331a-a224-6ea368113d34
[INFO] Сохранён комментарий с UUID: cda94146-edbc-3e0c-bd88-138644c687b3
[INFO] Сохранён комментарий с UUID: 4b8dad7c-666b-3665-b829-1a431df24a30
[INFO] Сохранён комментарий с UUID: 538e69e8-8386-3ab3-91de-1dde1574c6e7
[INFO] Сохранён комментарий с UUID: b5d1ade0-9e7b-3a7f-8e71-7c68084c521d
[INFO] Сохранён комментарий с UUID: c47addb2-232a-3648-aba8-e30d0c1dca61
[INFO] Сохранён комментарий с UUID: 7383b975-5dad-3da9-b28e-624821a2e50d
[INFO] Сохранён комментарий с UUID: 61a3ae27-9aba-3121-a1ea-d00ca053e81e
[INFO] Сохранён комментарий с UUID: 6e745f4c-deb8-34c3-928e-57518045ebfe
[INFO] Сохранён комментарий с UUID: 0e665110-19ae-3f78-847a-4c1194676ea1
[INFO] Сохранён комментарий с UUID: 92d5aa4b-bf69-33b9-8d77-7648c2c06675
[INFO] Сохранён комментарий с UUID: 938d9f03-ebbe-3f69-9f4a-203ae41955b3
[INFO] Сохранён комментарий с UUID: 1063aac8-a666-3b4d-aa0d-b8b953ebfbf1
[INFO] Сохранён комментарий с UUID: 5521ae1d-7b59-3abb-9f45-de884a0ac63e
[INFO] Сохранён комментарий с UUID: c969e124-f12b-35d7-ad90-cefd45e2565b
[INFO] Сохранён комментарий с UUID: d2f2a72f-124a-3282-8519-a9f7f9cdc16e
[INFO] Сохранён комментарий с UUID: 5d5e258d-9f74-3404-8160-ce228746b5c8
[INFO] Сохранён комментарий с UUID: 13139c7b-aef5-3905-bbe1-dd202de7e23a
[INFO] Сохранён комментарий с UUID: fe231d98-0f41-3612-ba3d-ae3ff32781d0
[INFO] Сохранён комментарий с UUID: 16b8838b-ac27-3a3a-946a-6880a9a0733e
[INFO] Сохранён комментарий с UUID: 2ba43170-2f24-32eb-b880-8d359bd0c268
[INFO] Сохранён комментарий с UUID: b5d039a3-08e1-3e50-938c-cee2b2960231
[INFO] Сохранён комментарий с UUID: 7aebb175-d498-359f-82ba-400d8b140740
[INFO] Сохранён комментарий с UUID: 5adb5614-fd48-394b-b26c-de897ed060e1
[INFO] Сохранён комментарий с UUID: af05b315-9945-3c8f-bb80-e62fb0acc172
[INFO] Сохранён комментарий с UUID: a2b93e91-9d9e-3ee7-b0e0-1189708904e6
[INFO] Сохранён комментарий с UUID: 1136f043-47f4-3f74-a2aa-41ffa268d052
[INFO] Сохранён комментарий с UUID: 61517373-b12e-3c3a-9b26-6edfcfb35de8
[INFO] Сохранён комментарий с UUID: 4a115fa6-6f82-3e4f-bf2c-5510588d5845
[INFO] Сохранён комментарий с UUID: c454f4d5-4b24-35ac-8da2-323efc7fe71b
[INFO] Сохранён комментарий с UUID: 84a5184a-fb4d-37c1-81e4-abc51658d675
[INFO] Сохранён комментарий с UUID: b54e8a0b-3c31-308d-bf7d-faa8672f0ef3
[INFO] Сохранён комментарий с UUID: 11cdcf88-1143-3ad8-a000-e821fa8da066
[INFO] Сохранён комментарий с UUID: 1d931293-2a62-3cc0-b1d5-f9a3126097d4
